:104000005542200135D0085A82458412314000398A
:104010003F4024000F9308249242841220012F83F2
:104020009F4F58780011F8233F4060010F930724F9
:104030009242841220011F83CF432411F92321834C
:10404000B0121449474F3D4010003E40FF003F4032
:104050009011B012E66DF2436B12F2438112B2403E
:10406000805A2001A242600182432E01A2428001B7
:1040700082431E01B24020026001B2402001800153
:10408000F24084FF5700C2435800B2400040820112
:104090003B400C003D4000080E430C4D0CDE5942E5
:1040A00057000A4C8A107AF0070079F0F8FF4AD9D5
:1040B000C24A5700C24C5600794003000A430843E5
:1040C0000F3C18429001385282489201B2F0FEFF34
:1040D000820192B38201FD271F427001084A0A4FF4
:1040E0007953EF230A883A900104012C0E4C0D11EC
:1040F0003B53D3230F4E3FF0E0003F90E0000220FF
:104100003EF0E0FF5C4257000D4E8D107DF0070041
:104110007CF0F8FF4DDCC24D5700C24E56005E42A7
:1041200057007EF007007ED080FFC24E5700E2426B
:104130005800F2F0FDFF000082437001B24002021D
:10414000600182439001B240020180011E42600181
:104150003EF0CFFF3ED02000824E60011E42800123
:104160003EF0CFFF3ED02000824E8001C2432600A9
:10417000C2432E00C2431B00C2431F00C243330090
:10418000C2433700C2432100F240E0FF2200F24068
:1041900030002900F2407B002A00C2431900F2409F
:1041A000F1FF1A00F240DDFF1D00F240FDFF1E008E
:1041B000F2433100F2433200C2433500F24336008D
:1041C000C2432500C2432D001F4270011E427001F0
:1041D0000E8F3E900128FA2BE2D31A00F2D21A0079
:1041E000F2D080FF1E00F2D010001E00F2D080FF3F
:1041F0001D00F2D010001D0003430343F2F0EFFF57
:104200001D00F2F0F7FF19005F43B01264464F4300
:10421000B01264465F43B01264465F43B012644616
:104220005F43B01264464F43B01264464F43B0122E
:1042300064465F43B0126446F2D010001D00F2D213
:104240001900E2D31900F2D010003200F2D02000A1
:104250003200F2D040003200F2D010003100F2D033
:1042600020003100B0129450B01250644F93FC23E0
:10427000F243AC11B2434611C2434811B2434A1152
:10428000C2434C11B2434E11C2435011B2435211BA
:10429000C2435411B0127045C24F11121F42221175
:1042A0001F53824FBA118243BC11B2F0EFFF860157
:1042B000B24000408601B24036123C11F2F0EFFFEE
:1042C0002200E2D21E00F2F0FDFF1E00B2F0EFFF6E
:1042D0008201B24000408201F2437312C243F611E0
:1042E000C243F711C243F811C243F911E2D21E00D2
:1042F000F2D040001E00F2D020001E00B01214497F
:104300001B420611B0122649824BD011B012E6466C
:10431000824C0612824D0812824E0A12824F0C12F3
:10432000D2420411B211C243B311F2401F00F41182
:10433000F2401A000F12B012E646824C0612824D6D
:104340000812824E0A12824F0C123E4006120D4E87
:104350003D5007000C436F4EEE4D0000CD4F000066
:104360001C531E533D532C92F623D243A511C24336
:104370007C12D243B511C2430412F243CA11C29354
:1043800036111420E2433611C2430E12D293141197
:104390000520C2431411F24003003611C2931411D8
:1043A0000320B0129253023CC2433611B012506443
:1043B0004F93FC234F47B012264932D2B012144912
:1043C000F2F07F002A00B01226495F4228004F9386
:1043D0000634D243F0114F43B0124851053CC2435A
:1043E000F0115F43B01248515F43B01294544F93A1
:1043F0001920B0121449829332110324B0122649B5
:10440000193C92433211B0122649B0121449F2D02D
:1044100020001D00B01226493E4014000F43B01288
:104420007C4E083C6F43B012F4494F9303205F4326
:10443000B012F449B01214494A4F863CC293151188
:104440007724B2B0100062010820B2B010006401FD
:104450000420B2B01000660107241E4260013EF045
:1044600000033E9000022E245F4204003FB0C000D3
:1044700005245F4271003FF0200026205F420500C6
:104480003FB0300005245F4279003FF020001E203D
:104490005F4270001FF31C245F4271003FF0200058
:1044A0001A245F4272003FF0200018245F4270001F
:1044B0002FF217245F4270003FF0200015207E404D
:1044C0000500133C6E43113C6E430F3C6E430D3CA4
:1044D0007E4005000A3C7E400500073C7E4005000A
:1044E000043C7E400500013C6E43B2B01000A001C8
:1044F0001924B2B01000A2010524B2B2A2010F2407
:104500006E43103C1F42A2013FB000040B241D4229
:1045100060013DF000033D9000020420023C4E4348
:10452000013C6E437E90050001286E42C24E381158
:104530005E4238110E5E1E4E40783ED2814E000023
:1045400022D132C203430343F2936B127727B01296
:1045500090484B4F7F9372274F4AB01226494F4BDA
:10456000B012C65C673F32D0F000FD3F3040D477D8
:104570000B120A1209120812071206123C404E834F
:104580000D431E42BA111F42BC11B012FE6B074D03
:10459000084E094F0E4C0F4712C30F100E10085E45
:1045A000096F0993053438F339F0FF7F1853096315
:1045B0008248BA118249BC110F483641374138410F
:1045C00039413A413B413041C24F77005F420200DE
:1045D0003FF04000FB27F2F0BFFF02005F42760091
:1045E00030411E4270013F9001800A283F500080F8
:1045F0001D4270010D8E0F9DFB2F0E5F3F4000800E
:104600001D4270010D8E0F9DFB2F3041F2F0EFFF28
:104610002A003041F2D010002A0030411F429001A0
:10462000013C0F4E1E4290010F9EFB233041B2F021
:10463000EFFF8401E2D31F00B2F0FEFF8401B2F06D
:10464000FDFF84014F4F8F107E4006000F5F7E53A9
:10465000FD233FD00001824F8401B2D010008401BD
:104660004F4330414F9304245F4219006FD3043C01
:104670005F4219007FF0FDFFC24F1900F2D219000E
:10468000F2F0F7FF190030415C4F02008C105E4FD2
:1046900001000CDE0E4C8E104E4E12C30E1012C3D3
:1046A0000E103EF003005D4E4C788D110E4C8E10B6
:1046B0004E4E7C40060012C30E107C53FC235E4E0F
:1046C0004C788E110E5D3E5006000F5E3041F24078
:1046D00080FF5811C243B011C2436E12C2436A1226
:1046E000C243A61130410B120A12091208123150AE
:1046F000F2FFC2932C118120B0120C46F2F0EFFFB2
:104700002900B01214463F403002B012E245B01208
:104710000C463F403C00B012E2450B43F2B01000A3
:10472000280009243B5005003F400500B012E24537
:104730003B90F000F3233F40A401B012E2453B90D0
:10474000F0005D2C7A427B4033001BB30B24B01287
:1047500014463F400500B012E245B0120C463F40FF
:1047600041000A3CB01214463F403C00B012E24502
:10477000B0120C463F400500B012E24512C34B1088
:104780007A53E3233A40FC1179424B4312C34B1056
:10479000B01214463F400500B012E245B0120C467C
:1047A0003F400500B012E245584228003F4041001A
:1047B000B012E24578B0100002247BD080FF79531C
:1047C000E523CA4B00001A533A900412DD230E432E
:1047D0004F435FEEFC117D420C4F1CF312C34F1090
:1047E0000C9302247FE08CFF7D53F6231E533E92F0
:1047F000F0234F930620D2432C114E43043C6E42CB
:10480000023C7E400600C2932C110A240F430D4146
:104810000D5FDD4FFD1100001F533F900600F72391
:104820004E9308243D420E430F413F500600B01204
:10483000E66D163CC1430600F14012000700F1404E
:104840006D000800F14045000900F14050000A00E9
:10485000D14102000B00D14101000C00E1410D00EB
:104860001C4106001D4108001E410A001F410C00AA
:1048700031500E00384139413A413B4130414F936C
:104880000324D24370003041F2F0FEFF700030414B
:104890005F426B124E4F3E5090116D4EC24D6B12E7
:1048A0007D930220F2438112FE43000030415F936A
:1048B0000C2403286F931820103C1F4262018F10B4
:1048C0005FF312241F42720130411F4264018F10B6
:1048D0005FF30A241F42740130411F4266018F10AA
:1048E0005FF302241F42760130415F43B0127E48DD
:1048F000F2F0BFFF04003F401B00FFF0FDFF00008F
:10490000FFF0FBFF0000FFF0F7FF00004F43B01285
:104910007E4830410E4232C2034303433EF25F43BE
:1049200001204F4330414F93012432D230410B12CA
:10493000B01214491D42C4111E426C120D9303247F
:104940000D5E6D4D013C4D43C24D77006E531D42CF
:1049500070124C4E0D9C1C2C4E4D1A3C5D420200B8
:104960003DF04000FB275B4276001D42EE110D93A7
:1049700003240C5DCC4B00001D42C4110D93042494
:104980001D526C126D4D013C4D43C24D7700013CF0
:104990004E4E1C426C120D4C1D53824D6C120D9EDE
:1049A000DD2BB01226493B4130410B12B0121449A5
:1049B0005B43C293F61101244B43B01226494F4B7F
:1049C0003B4130410B120A124A4FB01214494B4F6F
:1049D000B012AA494F9305244F4BB01226494F43BA
:1049E000063C4F4BB01226494F4AB012C8453A41D7
:1049F0003B4130410B120A124A4FB01214495B433B
:104A00005A92F71101244B43B01226494F4B3A41B9
:104A10003B413041B0121449F2F0FBFF1D00B012CF
:104A2000264930410B124B4FB01214494E4BFE93A6
:104A3000901106201E43C29B811203240E43013CA9
:104A40001E430E930E20F2936B120320C24B6B1287
:104A5000043C5E428112CE4B9011C24B81124B43FB
:104A6000023C7B400500B01226494F4B3B41304190
:104A7000C29330113920F2930B113620B012AA499B
:104A80004F933224D2431012C2938E110224C24398
:104A90001012C29310122A24F29003002E11292022
:104AA000C293081128205E420A117E9316244F4EAD
:104AB0005D4F7312C24D0A117D930220F24309111A
:104AC000FF437312C24EB411F2430811D2432E11A8
:104AD0007F400900B012244A043CD2430811C2436B
:104AE0002E11B012EA48053C5F4330417F4005007B
:104AF00030414F4330414F433041D293081113208E
:104B00005F422E115F9305207F400900B012244AB6
:104B1000083C6F930A20D242B4110811F2400300FE
:104B20002E114F4330415F4330415F4330410B1200
:104B30000A1209125942EA1169B31E241A42E211FB
:104B40001B42E4111C42E6111D42E8110E8A0F7B44
:104B50000F9D122802200E9C0F2859B3052479F0CE
:104B6000FDFFC249EA11083C0E4C0F4D0E5A0F6B67
:104B7000824EE211824FE4117F400C00B012244AB1
:104B800039413A413B413041B0121449F2F0BFFF84
:104B90000200F2D040000000B0122649B0122E49A7
:104BA00030414E4EC243D2118243C411824FEE11A6
:104BB000824E701282436C120E930324B012884B03
:104BC000033C7F42B012244A4F4330410B120A1279
:104BD00009120A4F494EB01214494B4FB012AA495C
:104BE0004F9305244F4BB01226494B431E3C4F4B6D
:104BF000B0122649B2407F00D4117F407F00B0122E
:104C0000C8454B4F4E49C243D2118243C411824A18
:104C1000EE11824E701282436C120E930324B01276
:104C2000884B033C7F42B012244A4F4B39413A41F2
:104C30003B413041B012144A5E431F423C11B01256
:104C4000CC4B30410B124B4FB0121449C24B3411B4
:104C5000B01226496F42B012244A3B4130410B1238
:104C60004B4F92432A11C2438E11B012704A4F4BE0
:104C7000B012444C3B413041B0121449E2D21D0005
:104C8000B012264930410B120A1209124B4FB012D2
:104C900014494A4FC29B0B110424B01226495F43AA
:104CA0004C3CF2430B115B4230114B930920B01284
:104CB0001449C243F611B0122649B012704A353C6D
:104CC0004C43494B021232C20343C24C3001F24002
:104CD000CDFF38011E423A0132418E1012C34E10F0
:104CE00012C34E104D4E4D5D4D5D4E5D4C8E4E4C83
:104CF0004F4C0D497CF00F004C9303240D117C5355
:104D0000FB3F1DF31724C24E0B111E434D4F7DF088
:104D10000F004D9303240E5E7D53FB3F4BCEC24BE1
:104D200030117F400700B012244A4F4AB012264982
:104D30004F43033C4C4E5C53C53F39413A413B41E4
:104D400030417F400300B012864C4F4330410B127C
:104D50000A120912B0121449494F1B42DE11B01257
:104D60001C460A4F1F4280015FF304241B53B012FC
:104D70001C460A4F0C430D430D4B0E4A0F430A4C81
:104D80000B4D0ADE0BDF4F49B01226490E4A0F4B7E
:104D900039413A413B4130410B120A1209120812C3
:104DA000B0124E4D084E094F1E42CC111F42CE117B
:104DB0000A4E0B4F1A52C6111B62C811099F0928CF
:104DC0000220089E06280B9F102809200A9E0D2805
:104DD000063C0B9F04280F9B27280A9E252C099B25
:104DE00004280B992128089A1F2C0C4A0D4B0C887B
:104DF0000D790D9303203C90018018280E480F492F
:104E00003E5000800F63824ECC11824FCE110E4C6B
:104E10000F4D3E5000803F63824EC611824FC81135
:104E20003C4000800D430A3C0C430D43824ACC11A8
:104E3000824BCE118243C6118243C8110A4CB01274
:104E40001C460E4F0E880E9A052C0C4A0C8E3C9078
:104E50000300062CB0121C462F53824F9201033CD4
:104E60000C5F824C9201B2F0FEFF8201B2D01000C2
:104E70008201384139413A413B4130410B120A121B
:104E80000912081221830A4E0B4FB0124E4D084EE4
:104E9000094FB01214498248CC118249CE11824A7E
:104EA000C611824BC811814F0000B012984D2F419E
:104EB000B01226492153384139413A413B413041F2
:104EC0000B12B01214494B4FB01270453E404600D1
:104ED000B012C46C0E4F3E500B00824E7E120F4338
:104EE000B0127C4E4F4BB01226493B4130410B1261
:104EF0000A12B01214494A4FB2922A1112207F406E
:104F00000900B012C449B012424DB012784C92431D
:104F10002A117F400300B012444C4F4AB012264978
:104F20002F3CB012144AC293821203247F40050022
:104F3000013C6F42B012C4494E4F3EF205204F4330
:104F4000B012C4493FF204205B433F400300033CDE
:104F50004B433F400500824F2A11B012784C4F4A14
:104F6000B01226494B930724C2434411B012424D5C
:104F7000B012C04E053C3E4040010F43B0127C4E83
:104F80003A413B4130410B120A120912494F0A4E75
:104F9000B01214494B4FB012AA494F9305244F4BFE
:104FA000B01226494F430D3C4F4BB01226494F4992
:104FB000B012C8450F4A8F10B012C8454F4AB01200
:104FC000C84539413A413B4130410B120A1209129E
:104FD00008120712084F4A4E074D4B4CB0121449A5
:104FE000494FB012AA494F9305244F49B0122649A0
:104FF0004F43213C4F49B01226494A4A0A584F4A6A
:105000007FD080FFB012C845494F0E4A12C30E1020
:105010004F4E7FF0C0FFB012C8454A4B093C4E4B83
:105020000F4A0F8E0E4F0E576F4EB012C8457B536E
:105030004B93F5234F493741384139413A413B4180
:1050400030410B123150F4FFB01214494B4F3D4226
:105050003E4006120F41B012EC6C1E42B211C14E1E
:1050600008008E10C14E09001E42D011C14E0A0028
:105070008E10C14E0B004F4BB01226497C400C00E5
:105080000D414E433F406001B012CA4F31500C00F9
:105090003B413041B0121449F2D040003100B0120F
:1050A000264930410B124B4FB0121449C24BF71135
:1050B000B01226493B4130410B120A1209121B4221
:1050C000B8115A4B2A004A9302207A401F00B012AE
:1050D000144AC29AA41107244E4A3ED0E0807F4071
:1050E0001500B012864FC24AA411694BB012144980
:1050F0004A4FB012AA494F9304244F4AB01226498E
:105100001F3C4F4AB0122649B2403E00D4117F40A6
:105110003E00B012C8454F497F534F4FC243D21192
:10512000824BC4118243EE11824F701282436C1283
:105130000F930324B012884B033C7F42B012244AE1
:1051400039413A413B4130410B124B4FB0121449A7
:10515000F2F07F002D00F2F07F002B005E422C0069
:105160004B9303247EF07F00023C7ED080FFC24E32
:105170002C00F2D080FF2D00B01226494F433B4156
:105180003041B0121449F2F0BFFF1D00B0122649A1
:105190003041B0121449F2D040001D00B01226492F
:1051A00030410B12B01214495B420F12B012264963
:1051B0000F4B0F5F0F5F0F5B3F502E010E4F3ED026
:1051C00000407F401800B012864F3B4130410B1227
:1051D000B01214494B4FC293A51104241E43C2932D
:1051E0007C1201200E434E4E8E100E5E0E5E0E5E41
:1051F000C293B51104241D43C293041201200D4330
:105200003ED0E2220D5D0D5D0D5D0D5D0EDD7F403A
:105210001100B012864F4F4BB01226493B4130412E
:105220000B120A12091208120712B0121449474F42
:105230001A42C0111B42C211B0121C460D4F1F4230
:1052400080015FF305241A530B63B0121C460D4F07
:1052500012C30D1012C30D1012C30D1012C30D1086
:1052600012C30D10084D09430E4A0F4B4FEA0FEAC7
:105270008F104E4E8E100E5E0F6F0E5E0F6F0E5E15
:105280000F6F08DE09DF4F47B01226490E480F495D
:105290003741384139413A413B4130410B120A1202
:1052A00009120812B0122052084E094F1E42401136
:1052B0001F4242110A4E0B4F1A52A8111B62AA112B
:1052C000099F09280220089E06280B9F1028092004
:1052D0000A9E0D28063C0B9F04280F9B27280A9E38
:1052E000252C099B04280B992128089A1F2C0C4A6D
:1052F0000D4B0C880D790D9303203C900104182868
:105300000E480F493E5000040F63824E4011824FF9
:1053100042110E4C0F4D3E5000FC3F63824EA811CF
:10532000824FAA113C4000040D430A3C0C430D433C
:10533000824A4011824B42118243A8118243AA1132
:105340000A4C0A5A0A5A0A5A0A5A0A5AB0121C46EF
:10535000085808580858085808580E4F0E880E9AD2
:10536000042C0A8E3A900300062CB0121C462F53D0
:10537000824F9601033C0A5F824A9601B2F0FEFF1B
:105380008601B2D010008601384139413A413B4193
:1053900030411F420C1112C30F10C24F7212B012D3
:1053A0001449D2437800F2F0EFFF0500F2F0FDFF60
:1053B0003300F2F0FBFF3300F2F0F7FF33005E4200
:1053C0000F117EF0FAFF5ED3C24E7800D242101168
:1053D0007900D24211117A001E420C11C24E7C009B
:1053E0008E104E4EC24E7D00D2420E117B005E42A8
:1053F00012117EF003007E9003000B20F2D04000DB
:105400001B00F2D080FF1B005E4205007ED0300002
:105410000F3C6E931020F2F0DFFF0500F2F0BFFFAB
:105420001B00F2D080FF1B005E4205007ED0100002
:10543000C24E0500193C5E930E20F2F0EFFF05000E
:10544000F2F07F001B00F2D040001B005E4205001E
:105450007ED02000ED3FF2F0CFFF0500F2F0BFFF5D
:105460001B00F2F07F001B00F2F0FEFF7800F2F06C
:10547000CFFF0300F2F0CFFF0100B0122649B012B7
:105480001449F2F0CFFF0300F2D030000100B01257
:10549000264930410B124B4FB01214494E4B3E502F
:1054A000F611CE9300000420DE4300004B43013C84
:1054B0005B43B01226494F4B3B4130410B120A125D
:1054C0004B4FB01214494A4F4F43B01294544F936C
:1054D0002F20C24B0B11C29308113C20F290030005
:1054E0002E1138207F400700B012244A2C3CD243B2
:1054F0002E11C243B411B012FA4A253CC293B41122
:1055000022241E43F29373120420C2930911012432
:105510000E430E931820F2930A110320C2430A117E
:10552000043C5E420911CE437312C24309110B3C85
:105530001E434D4B7DF00F004D9303240E5E7D53B3
:10554000FB3FC2DE30114F4AB01226494F433A4169
:105550003B413041C2932E11D123C93F0B12B012EF
:1055600014494B4F5F43B0127E48F2F0DAFF7000EF
:105570005F43B0127E48F2F03F0004003E401B0043
:10558000FEF0EFFF0000FEF0DFFF00003D402011C5
:105590006F4D7FD00500C24F7000D24D01007100E9
:1055A0001D421E11C24D74008D104D4DC24D75002F
:1055B000C2437300EED30000EED20000FED2000022
:1055C000F2D0400004004F43B0127E48F2F03F009A
:1055D0000200F2F03F0000004F4BB01226493B4161
:1055E00030410B120A124B4FB01214494A4F4F432D
:1055F000B01294544F9306244F4AB01226497F406C
:1056000005001E3CC29308111E20F29003002E11CB
:105610001A200B3CE2432E11C243B411B012FA4AD5
:10562000C29308110620B0125C55C24B0B114B43BC
:10563000033CC2432E110A3C4F4AB01226494F4B3D
:105640003A413B413041C2932E11E427B012144934
:10565000C243F611B01226495B43EE3FA243A011AC
:10566000D243B011E2920B1105246F42B012E25501
:105670004F930320B012344C30416F42B012BC54EF
:1056800030410B12B01214494B4F8293A0111824D1
:10569000C243B0115E42A6114E930324F2B2200021
:1056A0000520D2B3200008204E9303247E53C24E1F
:1056B000A611B0125C56073C9243A011C243A6113A
:1056C0006F42B012864C4F4BB01226493B413041DD
:1056D000B012CE46B012784CB012144A7F42B012CB
:1056E000C4497F42B012C449B012784C6F42B01224
:1056F000864CB012825630410B120A12091208125F
:1057000007121742EE11C293D21102243040FA5907
:105710001F42D4113FB040000220304092597FF028
:10572000BFFF7F903F0002243040FA591B423C11DA
:105730006E4BC24EA2111F42A0113F9005003924AA
:105740003F90060084242F93022430408259B240B7
:105750000500A0115D4258114D9E27242628F2B263
:1057600020000820D2B3200005204F4E7FE34F5D7C
:10577000C24F58117E902A00182C4E930E240F4BC6
:105780001F537E9203287E400700033CB240060070
:10579000A011B012A24B3040FA59C243B011B0125E
:1057A000784C6F42B012864CE93CB012D056304073
:1057B000FA59B2400600A011C293B5114124C29318
:1057C00004123E205F4B02008F105E4B01000FDE83
:1057D0003FF0200035245A4B07008A105F4B06002B
:1057E0000ADFB01214491942D011B01226490A99A1
:1057F00008245F4B07008F105E4B06000FDE3F93BF
:105800001F205F4B02008F105E4B01000FDE3FF048
:1058100007001F931520B012784CB012144A7F4035
:105820000A00B012C449B012784CB012144A5E4259
:10583000A2117E50F9FF0F4B3F52B012CC4BDD3C12
:105840005E42A2117E50F9FF0F4B3F52A23FB012B1
:10585000784CC293A61103206F42B012864CC293BB
:10586000A6110324F2B220000B20D2B3200008249A
:105870005A426A124A930424F2900B00A2110E2C91
:105880001F423C11CF432D00CF433100CF433000A6
:10589000CF432F00FF4080FF2E00373C59426E124D
:1058A0005A9319200F490F5F0F5F3F501612284F70
:1058B0001C4F02001D423C11CD4831000E4C0F48D8
:1058C0008F108E104FEE0FEECD4F3000CD4C2F00CD
:1058D0008C10CD4C2E00195379F00700C2496E127E
:1058E0007A53C24A6A1211241F423C11CF432D0041
:1058F000CF433100CF433000CF432F00FF4080FF24
:105900002E00C2436E12C2436A125F42A2110F5BA5
:10591000CF9300003334079331245F4B02008F1084
:105920005FDB01007FF007001D423C116F931F20D9
:105930001F42B8110F932224B29007002A111E2093
:10594000DF9D030003001A20B2F0EFFF82016E4DCD
:10595000DF432C000E5DDF4EFFFF28006E4E7EF011
:105960007F00CF4E29004F43B0125E4C073C5F933F
:1059700005207F400A00B012244A3F3CB0128256F4
:105980003C3CC243B011B012784C6F42B012864C0E
:10599000343C7F903E003120B012784CB2922A11F4
:1059A0001120B012144A7F400900B012C449B0124D
:1059B000784CB012424D92432A117F400300B0123E
:1059C000444C1B3CC29382120520A2422A11B01201
:1059D000EE4E133CB012424DB24003002A11B012F9
:1059E00070453E403601B012C46C0E4F3E500B0065
:1059F000824E56110F43B0127C4E37413841394127
:105A00003A413B4130410B120A120B4FB01214497C
:105A10004A4F0F4BB0128846FF403F0000004F4AEC
:105A2000B0122649824376126F43B01294544F93BA
:105A30006E205F4211124E4F5E53C24E1112CB4F79
:105A40000300B01214494A4F6F43B012F4494F9308
:105A50000B204F4AB0122649B0121449C243F81124
:105A6000B01226495F43553C6F42B012A450824B9E
:105A7000DA114F4AB01226495F4B02008F105E4B7D
:105A800001000FDE3FF020CC4E4F3ED041008F1082
:105A90004F4F8F100EDFCB4E01008E10CB4E020009
:105AA000CB432C00CB432800CB432900CB43310010
:105AB000CB433000CB432F00FB4080FF2E00D2436E
:105AC000FA111B42DA11B01214491E422A113E92F9
:105AD00002241E930324B0122649143CA2432A1127
:105AE000D2438212824BB811C2434411B0122649EC
:105AF0007F400300B012E2554F9306247F4003001D
:105B0000B012BC544F43053CB012B850FB3F7F402D
:105B100005003A413B4130410B120A1209120B4D6C
:105B20004A4C7C901D004F2CCD4F0B00CD4E0600F3
:105B30008E10CD4E0700B01214491942B211B012A6
:105B40002649CB4904008910CB490500B0121449FD
:105B500019420611B0122649CB4908008910CB49D9
:105B600009005F4B01003FD040885E4B02008E1061
:105B70000FDECB4F01008F10CB4F02004F4A7F50FA
:105B80000D00CB4F0000C29303110824C243031140
:105B90000F4BB012065A4F930F20193CC24AD8112E
:105BA000C243D911824B24117F400D00B012244A08
:105BB000C29303110A24033CF2430311083CC2437D
:105BC000BE114F43043C6F43023C7F400900394102
:105BD0003A413B413041C2933A1130201E422211DA
:105BE000C24E67118E10C24E6611C24F6811F24349
:105BF0006011F2436111F240060065118293DC11DD
:105C00001D20B2405A11DC11F24010005A11C2930B
:105C100000111224C24300117C4003003D405A1180
:105C20003E437F400600B012185B4F930524D243D9
:105C300000118243DC113041D2433A1130410B1242
:105C40000A1209120812494F084E4D4F0D5D8D433F
:105C5000DC11C24300111D42DC110D9304245F428C
:105C600074121FF30224D2430011C29300111420B6
:105C70005B4D07008B105A4D06006C4D7C50F3FFB6
:105C80000E4B0EDA5F4D0B00B012185B4F930424DD
:105C90007F400F00B012244A4993052038905A11D2
:105CA0000220C2433A11384139413A413B41304127
:105CB000C293001107201E42DC110E9F03204F43A8
:105CC000B0123E5C30410B120A1209120812071280
:105CD0003150F6FF7F9010000228304040644F4F53
:105CE0000F5F104FFA77C293F01105240F43B012E3
:105CF000D65B4F43043C1F43B012D65B5F43B012E8
:105D0000485130404064B0121449D2420E1214116E
:105D1000F24003003611B0122649C2931411022436
:105D200030404064B012925330404064B012144985
:105D30004B4F5F43B0122E4692432A11C2432811A3
:105D4000C2438E11C243A4114F4BB0122649B01268
:105D50001449814F0800B012CE469243A011C243AD
:105D6000B011F2F0FEFF2500F2F0FEFF2300D2D3C7
:105D70002400D2D325001F410800B0122649B012DA
:105D800014494B4FA292321105207F400300B012FC
:105D9000C4494F4BB0122649B01214494B4FB012B0
:105DA000784C4F43B012864C4F4BB01226496F438C
:105DB000B012A4503012D677B012506E215330403A
:105DC00040644F43B012A45030404064B0121449B4
:105DD000B01226497F400300B012F4494F933D248E
:105DE000B01214494B4F82432A11B2F0EFFF8201E7
:105DF000B2F0EFFF8401F2F0FDFF1F007F400300CF
:105E0000B012864CB012784C4F4BB0122649B012EB
:105E100014498243A011814F0800B012CE46B0123F
:105E2000784CF2F0FEFF2500F2F0FEFF23001F4148
:105E30000800B012264982433211B0128251B012CA
:105E40001449F2F0DFFF1D00B0122649B012925142
:105E50007F400300B012244A033C6F43B012A450A9
:105E60001B42DA11B0121449C243F811B01226498C
:105E700082937612022430404064F24303110F4BA8
:105E80003040D663B01214494B4FC29380120E209B
:105E9000D2438012A292321104205F43B012BC544C
:105EA000043C7F400600B012244A4F4BB0122649F2
:105EB00030404064B0121449C2438012F73FB01220
:105EC00014495B420B11B01226497B900500022851
:105ED000304040644F4B0F5F104F1A78B012144A95
:105EE000B01214494B4FA2933211E023B240030089
:105EF00032113E4018007F401D00B012864FF2F074
:105F0000EFFF2500F2F0EFFF2300F2F0EFFF240097
:105F1000F2D0100025005F43B012C4493E407F021A
:105F20007F401C00B012864FB012A251B012CE5169
:105F30003E40562A7F401700B012864F3E40FF80F9
:105F40007F401500B012864FB03FB012144A7F4018
:105F50000600B012C449B012A251B012CE51B01214
:105F60004250B012784CB012144A7F400300B01275
:105F7000C449B012784C5F43B012864C7F40060093
:105F8000713CB012144AB01214494B4FB012AA49D6
:105F90004F9304244F4BB01226490D3C4F4BB01287
:105FA00026497F405300B012C8454F43B012C84540
:105FB0004F43B012C845B012784C6F43B012864CB4
:105FC00030404064B01214495B422A11B012264995
:105FD0006B9208247B920A246B931E20B012B85057
:105FE00030404064B012EE4E30404064B012144A6B
:105FF0007F400900B012C449B012784CB012424D33
:10600000B012144992432A11B01226497F4003006E
:10601000B012444C30404064B012424D30404064B5
:10602000B012344C30404064B0121449814F080023
:10603000B012F8563040A863B0121449D242B411DD
:106040000811F24003002E11B0122649C293081124
:106050000220B0125C55C293081102243040406403
:106060007F400700B012244A304040641B423C117C
:10607000694B4E490E5B6F4E4F5F0F430F6FCB4F17
:106080002B006F4E7FF07F00CB4F2900DB4EFFFFD0
:106090002800584B02005A4B0100B01214495742D5
:1060A000A511B0122649479346244E488E104F4AF8
:1060B0000EDF8E104E4E12C30E1012C30E103EF0A5
:1060C00003002E931E205A4B07008A105F4B0600D8
:1060D0000ADFB01214491842D011B01226490A98AA
:1060E0000B245F4B07008F105E4B06000FDE1E4334
:1060F0003F9303240E43013C1E430E931C2030406B
:10610000CA623E90030002243040CA6291420612E5
:10611000000091420812020091420A1204009142CA
:106120000C1206003D420E410F4B3F500600B012CC
:10613000CC6C0F93CA2079900D00C7281B423C11EC
:106140005E4B02008E105F4B01000EDF0F4E8F1072
:106150004F4F12C30F1012C30F103FF003000C4B30
:106160003C5006008E104E4E7D40060012C30E10AD
:106170007D53FC233E90030002242E43013C3E420B
:106180003F90030002242F43013C3F420C5F0A432F
:106190000F430D4C0D5F6D4D0A5D1F530F9EF93B74
:1061A000574B0300F2437812B01214495C42781244
:1061B0003E4046110D432A9E0920CE97020005203D
:1061C000C24C7812B01226497E3C4C4D1D532E52C3
:1061D0002D92F123C24C7812B012264958427812FF
:1061E000B012144978930324C2982611042058420F
:1061F00026115D43013C4D434E480E5E0E5E8E4AB5
:106200004611CE4748114D9307245E4226115E5336
:106210007EF00300C24E2611B0122649B012144976
:10622000484F0F4BB01288466A4F4F48B01226496C
:10623000CB932B0048247A903F0045205A4B07000F
:106240008A105F4B06000ADFB0121449184206118B
:10625000B01226490A980B245F4B07008F105E4B43
:1062600006000FDE1E433F9303240E43013C1E43F2
:106270000E932924FB9006000B0025207950F3FF94
:106280007990030019205F4B0E005F931120B0122C
:106290001449F2F0BFFF3100B01226490F4B3F50B6
:1062A0000C000F123012E277B012506E2152043CF3
:1062B0004F930220B0129450494909123012F077DE
:1062C000B012506E2152824B3C11B0121449C2439D
:1062D000B011B0122649B0128256B23CC293A3113B
:1062E00028201A4212121B421412B01214491842EA
:1062F000A8111942AA111852401119624211B01284
:106300002649824A1212824B1412C243A311B012C0
:1063100014498248401182494211824AA811824B95
:10632000AA11814F0800B0129C521F410800B01200
:106330002649B0122052213CB01220520A4E0B4F77
:10634000B2F0EFFF8601E2B3EA117A24084E094F5A
:106350001882E2111972E4111E42E6111F42E8117F
:106360000E880F79084E094F0F493E9363203990EC
:10637000FF7F6020653C0E4A0F4BB0122E4B603CF5
:106380008248121282491412D243A311B012144946
:10639000824A4011824B42118248A8118249AA11B7
:1063A000814F0800B0129C521F4108003040AC5E83
:1063B0005F42BE115F9203114324C24F03114F93FA
:1063C0000D201F422411B012065A4F933924F24374
:1063D00003111F422411B012B05C323CF24303118E
:1063E0002F3C5D4274124D932B245B423A113E4088
:1063F000DC114C435F434DBF0A242A4E8E430000FC
:106400004DCF4C9304203A905A1101204B434F5FDB
:106410005C532E537C92EF23C24D7412C24B3A113F
:106420000F3C5F4200114E4F0E5E1E4EDC11B0124B
:106430003E5C063C0F939F3BA3231E939C2BA03FE7
:1064400031500A003741384139413A413B413041EE
:10645000F2936B120824B01290487F930624B01276
:10646000C65C5F4330414F4330414F4330410B12D4
:106470000A12091208120712061205127F92022848
:1064800030401A684F4F0F5F104F24781F4282012F
:106490008F105FF304241F42920130401A68B2F05B
:1064A000EFFF82018293C61149208293C8114620D2
:1064B0001F422A113F50FDFF3F9006002F2C0F5F17
:1064C000104F3478F2B0100020000824A2422A11A4
:1064D0003E4007000F43B0127C4E203CB012C04E2D
:1064E0001D3C7F400300B012E2554F9305247F40CE
:1064F0000300B012BC54123CB012EE4E0F3C4F439E
:106500000B3C7F400900B012C4495F43B0122E46D5
:10651000B012424D7F400700B0125E4C9293321190
:10652000022430401A68A2433211B0128251B012D4
:1065300092514F43B012BC5430401A68B012984D7B
:1065400030401A681F4284018F105FF302203040F0
:106550001A6818429401B2F0FEFF8401B2F0FDFF08
:106560008401B0124E4D0C4E0C880D43064E074F61
:10657000068C077D1F422A113F90050004243F909E
:106580000600B820983CB24006002A11D243AD1153
:10659000C24328116F43B0122E461C42B811CC469C
:1065A00031000F460D478F108D104FED0FEDCC4F82
:1065B00030000F47CC472F008F10CC4F2E00CC93CC
:1065C0002D006424654C7550FBFF4945095C6D49FD
:1065D0000A430B430B4D8B100C430D435D490100E7
:1065E0000CDA0DDB5A4903000B430CDA0DDB5A4978
:1065F00002004BEA0BEA8B104A4A8A100CDA0DDBD8
:106600000C860D77C94C03000A4D8C108A104CEA99
:106610000CEAC94C02000F4DC94D01008F10C94F43
:106620000000B012144A6C420D494E450F43B0129F
:10663000CA4FB012784C6F490C430D430D4F8D106B
:106640000A430B435B4901000CDA0DDB5A49030096
:106650000B430CDA0DDB5A4902004BEA0BEA8B10B4
:106660004A4A8A100CDA0DDB0C560D67C94C030040
:106670000F4C0C4D8F108C104FEC0FECC94F0200DB
:106680000F4DC94D01008F10C94F00001D42B811B8
:106690005F4D02008F105D4D01000FDD3FF02000C7
:1066A0000224D2438E11B012424DB2F0EFFF8201AC
:1066B000E2B31C00B220C243AD115F43B0122E46BC
:1066C0001D42B8115F4D02008F105D4D01000FDDBE
:1066D0003FF020000924B24007002A113E4000018B
:1066E0000F43B0127C4E033C4F43B0125E4CE2B3FA
:1066F0001C009324C29328112720C293AD1124209B
:10670000D243AD116F43B0122E465C421C005D4275
:106710006A127D920E2C4F4D5F526E123FF00700B1
:106720000F5F0F5F8F4616128F4718125D53C24DD1
:106730006A12D24328118248D611E2B31C006D20A0
:106740004E4C6EF35A4301204A43D293AD1165205B
:10675000C243AD115F43B0122E46C24328114A9383
:106760005C200F481F82D6113F900A00562C5F42D2
:106770006A124F9303247F53C24F6A121F42B8110B
:106780000F934B24CF432D00CF433100CF43300034
:10679000CF432F00FF4080FF2E003F3C1F42860169
:1067A0008F105FF303241F429601373CB2F0EFFFD6
:1067B00086018293A81108208293AA1105207F40A8
:1067C0000B00B012244A293CB0129C52263C1F42B6
:1067D00088018F105FF321241F4298011E3C1F4245
:1067E0008A018F105FF319241F429A01163C1F4241
:1067F0008C018F105FF311241F429C010E3C1F423D
:106800008E018F105FF309241F429E01063C9253B4
:10681000C0118263C2119253DE11354136413741B6
:10682000384139413A413B4130410F120E120D12AD
:106830000C124F43B012AE483C413D413E413F41F6
:10684000B1C0F000000000130F120E120D120C1256
:106850001F422E014F4F12C34F10B012AE483C41A1
:106860003D413E413F41B1C0F000000000130F1216
:106870000E120D120C124F43B0126E643C413D419A
:106880003E413F41B1C0F000000000130F120E1254
:106890000D120C121F421E014F4F12C34F10B012A7
:1068A0006E643C413D413E413F41B1C0F0000000BB
:1068B00000130F120E120D120C1221835E422300E0
:1068C0005F4225004FFE4F4F814F000091B3000003
:1068D0000E24F2F0FEFF23009293A0110520A243A4
:1068E000A011B0125C56553CD253A611523CA1B334
:1068F000000005245F4223007FF0FDFF483CA1B269
:10690000000005245F4223007FF0FBFF403CB1B252
:10691000000005245F4223007FF0F7FF383CB1B050
:10692000100000001A24F2F0EFFF2300A2423211FF
:10693000F2F0EFFF2500F2F0EFFF23000E437F405F
:106940001D00B012864FB0124250B012784CB012F7
:10695000144A6F43B012244A1C3CB1B0200000001E
:1069600005245F4223007FF0DFFF113CB1B04000FF
:10697000000005245F4223007FF0BFFF083CB1B058
:106980008000000006245F4223007FF07F00C24F9A
:10699000230021533C413D413E413F41B1C0F00005
:1069A000000000130F120E120D120C1221835E4212
:1069B0002B005F422D004FFE4F4F814F000091B3DF
:1069C000000005245F422B007FF0FEFF073CA1B3CF
:1069D000000007245F422B007FF0FDFFC24F2B0019
:1069E000423CA1B2000005245F422B007FF0FBFF78
:1069F000F53FB1B2000005245F422B007FF0F7FFA6
:106A0000ED3FB1B01000000005245F422B007FF085
:106A1000EFFFE43FB1B02000000005245F422B00EF
:106A20007FF0DFFFDB3FB1B04000000005245F4294
:106A30002B007FF0BFFFD23FB1B0800000001324D5
:106A4000F2F07F002B00F2F07F002D00F2F07F00CB
:106A50002B005F43C293F01101244F43C24FF0114A
:106A60004F43B012244A21533C413D413E413F41F6
:106A7000B1C0F000000000130F4330410F120E129E
:106A80000D125D427E005F4236114F931924153C72
:106A9000C293141115201E42AE110E9311241F42F1
:106AA000EC110E5FCE4D00001F53824FEC111F9270
:106AB000E01106288243AE11033C7F900300E827D3
:106AC0003D413E413F41B1C0F000000000130F12B4
:106AD0000E125F4236114F931C24183CC2931411BE
:106AE0001820C2933E110F201F42B6111F92F211BF
:106AF0000A2C1E427A120E5F6E4E1F53824FB61141
:106B0000C24E7F00063C82437A12033C7F90030012
:106B1000E5273E413F41B1C0F000000000130B12D9
:106B20000B4FB01214494E4FC29314110F20F29024
:106B3000030036110B20B0122649F2F0DFFF0300EC
:106B4000F2F0DFFF0100C24B7F00053C4F4EB01258
:106B500026493B43123C5F4203003FF02000FB27E5
:106B6000F2F0DFFF0300B0121449F2F0DFFF030080
:106B7000F2D020000100B01226490F4B3B413041BA
:106B80000F120E120D120C125E4276005F422E1191
:106B90004F931C24183CC293081118201F42EE1179
:106BA0000F9304241F526C12CF4EFFFF929270126B
:106BB0006C12032CB0122E49093CF2F0BFFF00000A
:106BC000B012F856033C7F900300E5273C413D415D
:106BD0003E413F41B1C0F000000000130F125F4280
:106BE00070003FF0200006245F4270002FF2022464
:106BF0005F4270003F41B1C0F000000000130B1273
:106C00000A12091208120712061205120412084C81
:106C1000094D0A430B430C4E0D4F0E430F43B01268
:106C20006A6C3441354136413741384139413A4146
:106C30003B4130410B120A120912081207120612C8
:106C40000512041218411200194114001A411600CD
:106C50001B411800B0126A6C34413541364137414E
:106C6000384139413A413B413041044305430643F1
:106C700007430E3C12C30B100A1009100810042819
:106C8000045C056D066E076F0C5C0D6D0E6E0F6F6C
:106C90000893F0230993EE230A93EC230B93EA2342
:106CA0000C440D450E460F4730417C4010000D4E00
:106CB0000E430F5F0E6E0E9D02280E8D1FD31C8398
:106CC000F8233041B012AA6C0F4E30410B120D93D5
:106CD0000A247B4F7C4E4B9C04244F4B4E4C0F8E12
:106CE000033C3D53F43F0F433B4130410B120A122A
:106CF0000912081207120D9370240F9E6E24342C73
:106D00000C4E0CDF1CF31B240C4E0CEF1CF3072065
:106D10002D9307280B4E1BF32C430C8B033C0C4D7F
:106D2000013C1C430D8C0A4C094E0B4FFB490000E3
:106D30001B533A53FB230A4F0A5C0E5C013C0A4F7B
:106D40000B4D12C30B100B24094B084E0C4ABC48C8
:106D500000002C533953FB230B5B0E5B0A5B1DF3C6
:106D60003C24EA4E0000393C0E5D0C4F0C5D0B4C90
:106D70000BDE1BF31B240B4C0BEE1BF306203D908C
:106D8000030003280B4E1BF3013C0B4D0D8B094EEA
:106D90000A4C084B088C3A533953EA490000074A19
:106DA0000758F9233BE31B530C5B0E5B0B4D12C3DF
:106DB0000B100E240A4B084E094C28832983A9483E
:106DC00000003A53FA230A8B0B4A0B5B0E5B0C5BF9
:106DD0001DF30324DC4EFFFFFFFF374138413941EB
:106DE0003A413B4130410B120A12091208123D9000
:106DF0000600092C0C4F043CCC4E00001C533D53A4
:106E00000D93FA23203C4E4E4B4E0B9303240C4B18
:106E10008C100BDC1FB306243D53CF4E0000094FEE
:106E20001953013C094F0C4D12C30C100A49084C70
:106E30008A4B00002A533853FB230C5C0C591DF37A
:106E40000224CC4E0000384139413A413B413041A7
:106E50000D412D533E4D3F401E6BB0120670304128
:106E60000D4E0E4F3F401E6BB012067030410B129C
:106E70000A120912081207120612051204123182B0
:106E8000084F814E0400094D1F411A001D411C008E
:106E90004C4D044D841045444E4F7EB040001124AB
:106EA000F140300000000E4F8E105EF303247E4050
:106EB0005800023C7E407800C14E01000C412C532A
:106EC0000F3C7EF020000424F14030000000043C20
:106ED0004C930524C14D00000C411C53013C0C4156
:106EE0000A4C8C108C118C108C110B4C06410C41EF
:106EF0008C108C118C108C11074C0A860B770E4F5E
:106F00008E10C14E02006EF202240745013C374349
:106F10004F4F7FB010003C201D4104003D531D53D6
:106F2000CD930000FC231D810400099A0228098AE0
:106F3000013C0943E1B302000524099502280985B3
:106F4000013C0943054D079D012C05474F930D3822
:106F5000F1402000060006430B430E3C0F410F5644
:106F60006F4F8F1116538812013C0643069AF63B69
:106F70000B4AF14030000600058B053C5F410600DE
:106F80008F1188121B530F450F5B0F99F72B0A3C8B
:106F900006430B43073C1B530F410F566F4F8F1196
:106FA00016538812069AF73BE1B3020002244A44C2
:106FB000083C1A4104000A8B0D3C3F403000881207
:106FC0007A534A93FA2344440B54F33F37538F11B7
:106FD00088121B530F4A0F5B6F4F4F930724079381
:106FE000F523043C3F40200088121B530B99FA2BD9
:106FF0000F4B3152344135413641374138413941E7
:107000003A413B4130410B120A1209120812071291
:107010000612051204123150B6FF814F3A00064E97
:10702000054D814E3E00C1432F00C1432B00C1439B
:107030002E00C1432A0081433000814326000743CC
:1070400081432C000E413E501C00814E1C003040FC
:1070500080760F461F53814F400007931E207E907D
:1070600025001320814300008143020081463E0039
:10707000C1432F00C1432B00C1432E00C1432A004E
:10708000814330003040767605478E110F4E9112C5
:107090003C0091532C0030405C767E906300C52408
:1070A0007E90640027347E90300094247E903100DE
:1070B0001A347E902A0077247E902B000A347E902A
:1070C000230042247E902500E0277E90200032207D
:1070D000563C7E902D0049247E902E005B247E90AD
:1070E0002B002820473C7E903A008C387E90580038
:1070F0002120E93C7E906F0024247E9070000A34A9
:107100007E906900E3247E906C0022247E906400CF
:107110001120DC3C7E90730098247E90740004342F
:107120007E9070000720B83C7E907500D1247E9040
:107130007800D22419413E0018412C0008893040C3
:107140004A76B1422800CB3CF1D2000030407A763A
:10715000694159F36E4104247EF0FEFF6ED3013C79
:107160005ED3C14E000030407A76F1D010000000AE
:1071700030407A76F1402B00020030407A76F19070
:107180002B000200022030407A76F14020000200FD
:1071900030407A76C1932A00022430406076D14391
:1071A0002E0030407A760E452E532A450A93033836
:1071B000814A26000D3CC1932E0002243040707697
:1071C000F1D0100000003AE3814A260091532600D6
:1071D000054E273C819326001520C1932E001220D6
:1071E000694179F010005E4301244E434E4E0E116A
:1071F0000E434E106A417AF07F004ADEC14A000019
:1072000030407A761A4126000A5A0C4A0C5C0C5C13
:107210000A5C814A2600B150D0FF26008E11815EA3
:107220002600D1432A0030407A76074527536E4521
:10723000C1932E000320C1932A002627C14E0400CB
:10724000C14305000E412E52033C074527532E45EE
:10725000C1932E000724E1D201001F412600C14F37
:107260000300063CC1932A0003249141260030000C
:107270000E9302203E4050781112040011120400B7
:107280001D4134001F413E00B0126E6E2152815FDD
:107290002C00054730405C76074527532945814936
:1072A0001E005E43099301204E434E5E4E5E4E5ECD
:1072B0006A417AF0F7FF4ADEC14A00000547B14053
:1072C00010002800533CD1D30100063CE1D200005D
:1072D000B1400A002800033CB140100028006B4177
:1072E0006BB324240C453C52284517450200164533
:1072F00004001B45060081481E008147200081468E
:107300002200814B2400D1432B00089306200793D1
:107310000420069302200B930224C1432B000B5B35
:107320000B430B6BC14B2F00054C203C5BF3074517
:107330000D24275228451B45020081481E00814B21
:107340002000D1432B0008930920063C27532B45EE
:10735000814B1E00D1432B000B930224C1432B0011
:107360000B5B0B430B6BC14B2F000547F1B20000C9
:107370001224C1932B000F206841B1901000280007
:10738000032078D04000053CB1922800042078D03A
:107390002000C1480000684168B23024C1932F002A
:1073A0002D24F1402D00020068B31124B1E31E002A
:1073B000B1E32000B1E32200B1E3240091531E00A9
:1073C000816320008163220081632400173C58B34D
:1073D0000F241A411E001B4120003AE33BE30E4AF2
:1073E0000F4B1E530F63814E1E00814F2000063C41
:1073F0001A411E003AE31A53814A1E00C1431B0082
:1074000068B36A2416411E00914120003C001841D7
:10741000220014412400074137501A0009469141C7
:10742000280032001B4128008B108B118B108B1110
:10743000814B3400814B3600814B380011123A00E9
:1074400011123A0011123A0011123A000C491D4172
:1074500044000E480F44B012687731520B4C3C90F8
:107460000A0005347B503000C74B00000C3C4B4CED
:10747000D1B3010003247A403700023C7A40570020
:107480004A5BC74A00000647365311123A001112F0
:107490003A0011123A0011123A000C491D41440001
:1074A0000E480F44B01242773152094C814D3C00D6
:1074B000084E044F37530C93B2230D93B0230E9311
:1074C000AE230F93AC2381431E00814320008143F0
:1074D0002200814324006C3C58B33E2414411E001A
:1074E00017412000084138501A001941280089101E
:1074F0008911891089111C4128000D490E440F473C
:10750000B012DA760B4E3E900A0005347B50300004
:10751000C84B00000C3C4B4ED1B3010003247A4011
:107520003700023C7A4057004A5BC84A00000648D0
:1075300036531C4128000D490E440F47B012A47663
:10754000044E074F38530E93D0230F93CE2381431D
:107550001E00814320002C3C17411E00084138507A
:107560001A001E4128000F47B012C46C0D4F3F9007
:107570000A0005347D503000C84D00000C3C4D4FD2
:10758000D1B3010003247C403700023C7C4057000B
:107590004C5DC84C0000064836531E4128000F477A
:1075A000B012AA6C074F38530F93DB2381431E00A0
:1075B000B1900A0028000224C1430200C1932E00AA
:1075C0002A240F413F501C00814F42001A411C00E9
:1075D0008A108A118A108A11814A44008146460025
:1075E0000A468A108A118A108A11814A48001C4171
:1075F00042001D4144001C8146001D7148002C833F
:107600001C9126000E2CE1D301005E4126004E8C19
:10761000C14E0300063CC1932A0003249141260079
:10762000300011120400111204001D4134000E46F6
:107630001E531F413E00B0126E6E2152815F2C001E
:107640000D3C7F498F1191123C000E490E58199143
:107650004000F72B81493E00814E2C0007430E3C31
:10766000914126003000D1432E00C1432A00033C43
:10767000054ED1432A00814326001743164140009E
:107680006E464E930224304052701F412C00315000
:107690004A003441354136413741384139413A4158
:1076A0003B4130410B120A120912794020000A4C6A
:1076B0000B4D0C430D430E5E0F6F0C6C0D6D0D9B4F
:1076C000062802200C9A03280C8A0D7B1ED31983EE
:1076D000F22339413A413B413041B012A4760E4C7D
:1076E0000F4D3041071206120512041230124000ED
:1076F00004480549064A074B084309430A430B431C
:107700000C5C0D6D0E6E0F6F086809690A6A0B6BD1
:107710000B970E2808200A960B28052009950828A3
:10772000022008940528088409750A760B771CD373
:1077300091830000E52321533441354136413741DF
:1077400030410B120A120912081218410A0019419D
:107750000C001A410E001B411000B012E4763841B3
:1077600039413A413B4130410B120A1209120812C9
:1077700018410A0019410C001A410E001B4110006B
:10778000B012E4760C480D490E4A0F4B384139418E
:107790003A413B4130410B120A12091208120712FA
:1077A00018410C0019410E001A4110001B41120033
:1077B000B012E476174114008748000087490200A0
:1077C000874A0400874B06003741384139413A4126
:0677D0003B4130410013B3
:1077D600476F74204D657373616765004C6564205F
:1077E60031204F6E2025640D0A004D73673A20251F
:1077F600640D0A00E65C065D2C5DC25DCC5D845EB0
:10780600B45EBE5E286038606C60DC623863B0636C
:10781600E2632264DC5E4A5F825FC45F20608C6440
:1078260044659C67CE67DE67EE67FE670E68C464D4
:10783600E26402651C65FE64E2640000100050000C
:107846009000D000F000009C0208286E756C6C2930
:02785600000030
:1078580001FFFFFF2200010001FFFFFF09001010D8
:107868002008030001011200841020080300020010
:0478780012A2010057
:10FFE0006C45A469CE6A7C6AB26848682A686C4528
:10FFF000DC6B806B6C456C458C686E686C450040B2
:0400000300004000B9
:00000001FF
